<?xml version="1.0" encoding="UTF-8"?>
<!-- Generated by org.testng.reporters.JUnitReportReporter -->
<testsuite skipped="0" hostname="LENOVO" name="com.actitime.tests.TestA" tests="2" failures="0" timestamp="23 Aug 2018 15:51:56 GMT" time="0.060" errors="0">
  <testcase name="delete" time="0.005" classname="com.actitime.tests.TestA"/>
  <testcase name="create" time="0.055" classname="com.actitime.tests.TestA"/>
</testsuite> <!-- com.actitime.tests.TestA -->
